<?xml version="1.0" encoding="UTF-8"?>
<!-- Generated by org.testng.reporters.JUnitXMLReporter -->
<testsuite ignored="1" hostname="DESKTOP-OB1SF68" failures="0" tests="3" name="Default test" time="12.253" errors="0" timestamp="2024-02-14T19:38:26 EET">
  <testcase classname="automationteststore.TestCases" name="SignUp" time="8.623"/>
  <testcase classname="automationteststore.TestCases" name="Logout" time="0.645"/>
  <testcase classname="automationteststore.TestCases" name="Login" time="1.101"/>
  <testcase classname="automationteststore.TestCases" name="AddSkipConditioner" time="0.0">
    <ignored/>
  </testcase> <!-- AddSkipConditioner -->
</testsuite> <!-- Default test -->
