<?xml version="1.0" encoding="UTF-8"?>
<!-- Generated by org.testng.reporters.JUnitXMLReporter -->
<testsuite ignored="9" hostname="DESKTOP-OB1SF68" failures="0" tests="2" name="Default test" time="6.16" errors="0" timestamp="2024-02-19T21:20:35 EET">
  <testcase classname="automationteststore.TestCases" name="CheckContactNum" time="0.176"/>
  <testcase classname="automationteststore.TestCases" name="NavigateToLinkedInAndBackToWebsite" time="2.733"/>
  <testcase classname="automationteststore.TestCases" name="SignUp" time="0.0">
    <ignored/>
  </testcase> <!-- SignUp -->
  <testcase classname="automationteststore.TestCases" name="Checkout" time="0.0">
    <ignored/>
  </testcase> <!-- Checkout -->
  <testcase classname="automationteststore.TestCases" name="SumAllPrices" time="0.0">
    <ignored/>
  </testcase> <!-- SumAllPrices -->
  <testcase classname="automationteststore.TestCases" name="SumPriceOfSectionsHomePage" time="0.0">
    <ignored/>
  </testcase> <!-- SumPriceOfSectionsHomePage -->
  <testcase classname="automationteststore.TestCases" name="SiteMapInUpperCase" time="0.0">
    <ignored/>
  </testcase> <!-- SiteMapInUpperCase -->
  <testcase classname="automationteststore.TestCases" name="PaymentMethodsInFooter" time="0.0">
    <ignored/>
  </testcase> <!-- PaymentMethodsInFooter -->
  <testcase classname="automationteststore.TestCases" name="Login" time="0.0">
    <ignored/>
  </testcase> <!-- Login -->
  <testcase classname="automationteststore.TestCases" name="Logout" time="0.0">
    <ignored/>
  </testcase> <!-- Logout -->
  <testcase classname="automationteststore.TestCases" name="AddOneSkipOneConditioner" time="0.0">
    <ignored/>
  </testcase> <!-- AddOneSkipOneConditioner -->
</testsuite> <!-- Default test -->
