<?xml version="1.0" encoding="UTF-8"?>
<!-- Generated by org.testng.reporters.JUnitXMLReporter -->
<testsuite ignored="0" hostname="DESKTOP-OB1SF68" failures="0" tests="8" name="Regression" time="12.826" errors="0" timestamp="2024-02-21T19:13:48 EET">
  <testcase classname="automationteststore.SignUpStep" name="browser_is_open" time="1.636"/>
  <testcase classname="automationteststore.SignUpStep" name="user_is_on_sign_up_page" time="0.945"/>
  <testcase classname="automationteststore.SignUpStep" name="user_enters_all_feilds" time="5.636"/>
  <testcase classname="automationteststore.SignUpStep" name="user_clicks_sign_up_button_or_continue" time="0.774"/>
  <testcase classname="automationteststore.SignUpStep" name="user_is_navigated_to_home_page" time="0.077"/>
  <testcase classname="automationteststore.ChangePasswordStep" name="navigate_to_change_password_page" time="0.377"/>
  <testcase classname="automationteststore.ChangePasswordStep" name="user_input_current_password_new_password_press_continue" time="3.185"/>
  <testcase classname="automationteststore.ChangePasswordStep" name="password_should_be_changed" time="0.099"/>
</testsuite> <!-- Regression -->
