<?xml version="1.0" encoding="UTF-8"?>
<!-- Generated by org.testng.reporters.JUnitXMLReporter -->
<testsuite ignored="0" hostname="DESKTOP-OB1SF68" failures="0" tests="8" name="Regression" time="11.936" errors="0" timestamp="2024-02-24T09:43:08 EET">
  <testcase classname="automationteststore.SignUpStep" name="browser_is_open" time="2.035"/>
  <testcase classname="automationteststore.SignUpStep" name="user_is_on_sign_up_page" time="0.931"/>
  <testcase classname="automationteststore.SignUpStep" name="user_enters_all_feilds" time="4.811"/>
  <testcase classname="automationteststore.SignUpStep" name="user_clicks_sign_up_button_or_continue" time="0.775"/>
  <testcase classname="automationteststore.SignUpStep" name="user_is_navigated_to_home_page" time="0.053"/>
  <testcase classname="automationteststore.ChangePasswordStep" name="navigate_to_change_password_page" time="0.28"/>
  <testcase classname="automationteststore.ChangePasswordStep" name="user_input_current_password_new_password_press_continue" time="2.926"/>
  <testcase classname="automationteststore.ChangePasswordStep" name="password_should_be_changed" time="0.06"/>
</testsuite> <!-- Regression -->
