<?xml version="1.0" encoding="UTF-8"?>
<testsuite xmlns:xsi="http://www.w3.org/2001/XMLSchema-instance" xsi:noNamespaceSchemaLocation="https://maven.apache.org/surefire/maven-surefire-plugin/xsd/surefire-test-report-3.0.xsd" version="3.0" name="TestSuite" time="17.047" tests="8" errors="0" skipped="0" failures="0">
  <properties>
[...]
</properties>
  <testcase name="browser_is_open" classname="automationteststore.SignUpStep" time="1.69">
    <system-err><![CDATA[SLF4J: Failed to load class "org.slf4j.impl.StaticLoggerBinder".
SLF4J: Defaulting to no-operation (NOP) logger implementation
SLF4J: See http://www.slf4j.org/codes.html#StaticLoggerBinder for further details.
Feb 21, 2024 8:14:56 PM org.openqa.selenium.devtools.CdpVersionFinder findNearestMatch
WARNING: Unable to find an exact match for CDP version 121, returning the closest version; found: 120; Please update to a Selenium version that supports CDP version 121
]]></system-err>
  </testcase>
  <testcase name="user_is_on_sign_up_page" classname="automationteststore.SignUpStep" time="1.091"/>
  <testcase name="user_enters_all_feilds" classname="automationteststore.SignUpStep" time="6.346"/>
  <testcase name="user_clicks_sign_up_button_or_continue" classname="automationteststore.SignUpStep" time="0.757"/>
  <testcase name="user_is_navigated_to_home_page" classname="automationteststore.SignUpStep" time="0.06"/>
  <testcase name="navigate_to_change_password_page" classname="automationteststore.ChangePasswordStep" time="0.314"/>
  <testcase name="user_input_current_password_new_password_press_continue" classname="automationteststore.ChangePasswordStep" time="2.816"/>
  <testcase name="password_should_be_changed" classname="automationteststore.ChangePasswordStep" time="0.267"/>
</testsuite>