<?xml version="1.0" encoding="UTF-8"?>
<testng-results ignored="0" total="8" passed="8" failed="0" skipped="0">
  <reporter-output>
  </reporter-output>
  <suite started-at="2024-02-21T20:14:56 EET" name="Testing Google Apps" finished-at="2024-02-21T20:15:10 EET" duration-ms="13396">
    <groups>
    </groups>
    <test started-at="2024-02-21T20:14:56 EET" name="Regression" finished-at="2024-02-21T20:15:10 EET" duration-ms="13396">
      <class name="automationteststore.SignUpStep">
        <test-method signature="browser_is_open()[pri:1, instance:automationteststore.SignUpStep@3918c187]" started-at="2024-02-21T20:14:56 EET" name="browser_is_open" finished-at="2024-02-21T20:14:58 EET" duration-ms="1684" status="PASS">
          <reporter-output>
          </reporter-output>
        </test-method> <!-- browser_is_open -->
        <test-method signature="user_is_on_sign_up_page()[pri:2, instance:automationteststore.SignUpStep@3918c187]" started-at="2024-02-21T20:14:58 EET" name="user_is_on_sign_up_page" finished-at="2024-02-21T20:14:59 EET" duration-ms="1087" status="PASS">
          <reporter-output>
          </reporter-output>
        </test-method> <!-- user_is_on_sign_up_page -->
        <test-method signature="user_enters_all_feilds()[pri:3, instance:automationteststore.SignUpStep@3918c187]" started-at="2024-02-21T20:14:59 EET" name="user_enters_all_feilds" finished-at="2024-02-21T20:15:05 EET" duration-ms="6347" status="PASS">
          <reporter-output>
          </reporter-output>
        </test-method> <!-- user_enters_all_feilds -->
        <test-method signature="user_clicks_sign_up_button_or_continue()[pri:4, instance:automationteststore.SignUpStep@3918c187]" started-at="2024-02-21T20:15:05 EET" name="user_clicks_sign_up_button_or_continue" finished-at="2024-02-21T20:15:06 EET" duration-ms="757" status="PASS">
          <reporter-output>
          </reporter-output>
        </test-method> <!-- user_clicks_sign_up_button_or_continue -->
        <test-method signature="user_is_navigated_to_home_page()[pri:5, instance:automationteststore.SignUpStep@3918c187]" started-at="2024-02-21T20:15:06 EET" name="user_is_navigated_to_home_page" finished-at="2024-02-21T20:15:06 EET" duration-ms="60" status="PASS">
          <reporter-output>
          </reporter-output>
        </test-method> <!-- user_is_navigated_to_home_page -->
      </class> <!-- automationteststore.SignUpStep -->
      <class name="automationteststore.ChangePasswordStep">
        <test-method signature="navigate_to_change_password_page()[pri:6, instance:automationteststore.ChangePasswordStep@6111ba37]" started-at="2024-02-21T20:15:06 EET" name="navigate_to_change_password_page" finished-at="2024-02-21T20:15:07 EET" duration-ms="314" status="PASS">
          <reporter-output>
          </reporter-output>
        </test-method> <!-- navigate_to_change_password_page -->
        <test-method signature="user_input_current_password_new_password_press_continue()[pri:7, instance:automationteststore.ChangePasswordStep@6111ba37]" started-at="2024-02-21T20:15:07 EET" name="user_input_current_password_new_password_press_continue" finished-at="2024-02-21T20:15:09 EET" duration-ms="2816" status="PASS">
          <reporter-output>
          </reporter-output>
        </test-method> <!-- user_input_current_password_new_password_press_continue -->
        <test-method signature="password_should_be_changed()[pri:8, instance:automationteststore.ChangePasswordStep@6111ba37]" started-at="2024-02-21T20:15:09 EET" name="password_should_be_changed" finished-at="2024-02-21T20:15:10 EET" duration-ms="267" status="PASS">
          <reporter-output>
          </reporter-output>
        </test-method> <!-- password_should_be_changed -->
      </class> <!-- automationteststore.ChangePasswordStep -->
    </test> <!-- Regression -->
  </suite> <!-- Testing Google Apps -->
</testng-results>
