<?xml version="1.0" encoding="UTF-8"?>
<testng-results ignored="0" total="3" passed="3" failed="0" skipped="0">
  <reporter-output>
  </reporter-output>
  <suite started-at="2024-02-14T19:38:14 EET" name="Default suite" finished-at="2024-02-14T19:38:26 EET" duration-ms="12253">
    <groups>
    </groups>
    <test started-at="2024-02-14T19:38:14 EET" name="Default test" finished-at="2024-02-14T19:38:26 EET" duration-ms="12253">
      <class name="automationteststore.TestCases">
        <test-method is-config="true" signature="Setup()[pri:0, instance:automationteststore.TestCases@6731787b]" started-at="2024-02-14T19:38:14 EET" name="Setup" finished-at="2024-02-14T19:38:15 EET" duration-ms="1831" status="PASS">
          <reporter-output>
          </reporter-output>
        </test-method> <!-- Setup -->
        <test-method signature="SignUp()[pri:1, instance:automationteststore.TestCases@6731787b]" started-at="2024-02-14T19:38:15 EET" name="SignUp" finished-at="2024-02-14T19:38:24 EET" duration-ms="8623" status="PASS">
          <reporter-output>
          </reporter-output>
        </test-method> <!-- SignUp -->
        <test-method signature="Logout()[pri:2, instance:automationteststore.TestCases@6731787b]" started-at="2024-02-14T19:38:24 EET" name="Logout" finished-at="2024-02-14T19:38:25 EET" duration-ms="645" status="PASS">
          <reporter-output>
          </reporter-output>
        </test-method> <!-- Logout -->
        <test-method signature="Login()[pri:3, instance:automationteststore.TestCases@6731787b]" started-at="2024-02-14T19:38:25 EET" name="Login" finished-at="2024-02-14T19:38:26 EET" duration-ms="1101" status="PASS">
          <reporter-output>
          </reporter-output>
        </test-method> <!-- Login -->
        <test-method is-config="true" signature="Post()[pri:0, instance:automationteststore.TestCases@6731787b]" started-at="2024-02-14T19:38:26 EET" name="Post" finished-at="2024-02-14T19:38:26 EET" duration-ms="1" status="PASS">
          <reporter-output>
          </reporter-output>
        </test-method> <!-- Post -->
      </class> <!-- automationteststore.TestCases -->
    </test> <!-- Default test -->
  </suite> <!-- Default suite -->
</testng-results>
